<?xml version="1.0" encoding="UTF-8"?>
<!-- Generated by org.testng.reporters.JUnitXMLReporter -->
<testsuite hostname="monika-latitude-e6430" name="Demo_TestClass" tests="3" failures="0" timestamp="6 Jul 2020 11:30:06 GMT" time="98.926" errors="0">
  <testcase name="openMMTTest" time="4.001" classname="demo_MS_UI_testCases.MMT_BeginPageTest"/>
  <testcase name="clickLoginSingUPBtnTest" time="1.448" classname="demo_MS_UI_testCases.MMT_BeginPageTest"/>
  <testcase name="enterUNTest" time="4.967" classname="demo_MS_UI_testCases.LoginPageTest"/>
</testsuite> <!-- Demo_TestClass -->
