<?xml version="1.0" encoding="UTF-8"?>
<testng-results skipped="0" failed="0" total="1" passed="1">
  <reporter-output>
  </reporter-output>
  <suite name="Default suite" duration-ms="43659" started-at="2020-06-17T17:13:16Z" finished-at="2020-06-17T17:14:00Z">
    <groups>
    </groups>
    <test name="Default test" duration-ms="43659" started-at="2020-06-17T17:13:16Z" finished-at="2020-06-17T17:14:00Z">
      <class name="demo_MS_UI_testCases.LoginPageTest">
        <test-method status="PASS" signature="configLoad()[pri:0, instance:demo_MS_UI_testCases.LoginPageTest@4009e306]" name="configLoad" is-config="true" duration-ms="31" started-at="2020-06-17T22:43:16Z" finished-at="2020-06-17T22:43:16Z">
          <reporter-output>
          </reporter-output>
        </test-method> <!-- configLoad -->
        <test-method status="PASS" signature="setup()[pri:0, instance:demo_MS_UI_testCases.LoginPageTest@4009e306]" name="setup" is-config="true" duration-ms="31218" started-at="2020-06-17T22:43:16Z" finished-at="2020-06-17T22:43:48Z">
          <reporter-output>
          </reporter-output>
        </test-method> <!-- setup -->
        <test-method status="PASS" signature="enterUNTest()[pri:1, instance:demo_MS_UI_testCases.LoginPageTest@4009e306]" name="enterUNTest" duration-ms="8618" started-at="2020-06-17T22:43:48Z" finished-at="2020-06-17T22:43:56Z">
          <reporter-output>
          </reporter-output>
        </test-method> <!-- enterUNTest -->
        <test-method status="PASS" signature="tearDown()[pri:0, instance:demo_MS_UI_testCases.LoginPageTest@4009e306]" name="tearDown" is-config="true" duration-ms="1517" started-at="2020-06-17T22:43:58Z" finished-at="2020-06-17T22:44:00Z">
          <reporter-output>
          </reporter-output>
        </test-method> <!-- tearDown -->
      </class> <!-- demo_MS_UI_testCases.LoginPageTest -->
    </test> <!-- Default test -->
  </suite> <!-- Default suite -->
</testng-results>
